<?xml version="1.0" encoding="UTF-8"?>
<!-- Generated by org.testng.reporters.JUnitReportReporter -->
<testsuite hostname="DESKTOP-N9HJ6BA" failures="0" tests="1" name="in.amazon.NavigatingWebsiteTest" time="5.818" errors="0" timestamp="2023-09-03T15:18:19 IST" skipped="0">
  <testcase classname="in.amazon.NavigatingWebsiteTest" name="navigationTest" time="5.818"/>
  <system-out/>
</testsuite> <!-- in.amazon.NavigatingWebsiteTest -->
